<?xml version="1.0" encoding="UTF-8"?>
<coverage generated="1733150583805" clover="3.2.0">
  <project timestamp="1733150583805" name="All files">
    <metrics statements="1" coveredstatements="1" conditionals="0" coveredconditionals="0" methods="1" coveredmethods="1" elements="2" coveredelements="2" complexity="0" loc="1" ncloc="1" packages="1" files="1" classes="1"/>
    <file name="02-template-string.js" path="/home/luiggi/Cursos/Udemy/ReactJs/03-counter-app-vite/src/base-pruebas/02-template-string.js">
      <metrics statements="1" coveredstatements="1" conditionals="0" coveredconditionals="0" methods="1" coveredmethods="1"/>
      <line num="2" count="1" type="stmt"/>
    </file>
  </project>
</coverage>
