{"/home/luiggi/Cursos/Udemy/ReactJs/03-counter-app-vite/src/base-pruebas/02-template-string.js": {"path":"/home/luiggi/Cursos/Udemy/ReactJs/03-counter-app-vite/src/base-pruebas/02-template-string.js","statementMap":{"0":{"start":{"line":2,"column":4},"end":{"line":2,"column":28}}},"fnMap":{"0":{"name":"getSaludo","decl":{"start":{"line":1,"column":16},"end":{"line":1,"column":25}},"loc":{"start":{"line":1,"column":34},"end":{"line":3,"column":1}},"line":1}},"branchMap":{},"s":{"0":1},"f":{"0":1},"b":{},"_coverageSchema":"1a1c01bbd47fc00a2c39e90264f33305004495a9","hash":"1dc315b0c69a31ce7f966b7f77e87c8db432633e"}
}
